[0mGET /install?shop=deveioshop.myshopify.com [36m302 [0m9.514 ms - 654[0m
[0mGET /install?shop=deveioshop.myshopify.com [36m302 [0m9.634 ms - 654[0m
[0mGET /install?shop=deveioshop.myshopify.com [36m302 [0m9.885 ms - 654[0m
[0mGET /install?shop=deveioshop.myshopify.com [36m302 [0m9.649 ms - 654[0m
[0mGET /install?shop=deveioshop.myshopify.com [36m302 [0m12.598 ms - 654[0m
[0mGET /install?shop=deveioshop.myshopify.com [36m302 [0m10.638 ms - 654[0m
[0mGET /install?shop=deveioshop.myshopify.com [36m302 [0m1.741 ms - 654[0m
[0mGET /install?shop=deveioshop.myshopify.com [36m302 [0m9.474 ms - 654[0m
[0mGET /install?shop=deveioshop.myshopify.com [36m302 [0m9.634 ms - 654[0m
[0mGET /install?shop=deveioshop.myshopify.com [36m302 [0m9.043 ms - 654[0m
[0mGET /install?shop=deveioshop.myshopify.com [36m302 [0m15.911 ms - 654[0m
[0mGET /install?shop=deveioshop.myshopify.com [36m302 [0m15.037 ms - 654[0m
[0mGET /install?shop=deveioshop.myshopify.com [36m302 [0m17.181 ms - 732[0m
[0mGET /install?shop=deveioshop.myshopify.com [36m302 [0m15.839 ms - 732[0m
[0mGET /install?shop=deveioshop.myshopify.com [36m302 [0m14.867 ms - 732[0m
[0mGET /connect?code=9348f67d449b8a6e2a00d9225aec4536&hmac=0f8efd7dd4368a01df138c92b349304e4fee68571f8ecae335fbfb37ce678f19&shop=deveioshop.myshopify.com&state=151193857196200&timestamp=1511938570 [31m500 [0m11.549 ms - 1488[0m
[0mGET /install?shop=deveioshop.myshopify.com [36m302 [0m14.249 ms - 732[0m
[0mGET /install?shop=deveioshop.myshopify.com [36m302 [0m8.661 ms - 732[0m
[0mPOST /webhooks/order-payment [33m404 [0m27.447 ms - 162[0m
[0mGET /connect?code=15a9385f9b6e6fe9003406c658caa821&hmac=7eb9d5b78805ab124b28697c2fabd333ac8f3e9c3bb21ffdcc61d132b13b5364&shop=deveioshop.myshopify.com&state=151193871114400&timestamp=1511938709 [31m500 [0m14.213 ms - 1578[0m
[0mGET /install?shop=deveioshop.myshopify.com [36m302 [0m9.605 ms - 732[0m
[0mGET /install?shop=deveioshop.myshopify.com [36m302 [0m8.989 ms - 732[0m
[0mGET /install?shop=deveioshop.myshopify.com [36m302 [0m11.475 ms - 732[0m
[0mGET /install?shop=deveioshop.myshopify.com [36m302 [0m13.371 ms - 732[0m
[0mGET /install?shop=deveioshop.myshopify.com [36m302 [0m10.402 ms - 732[0m
[0mGET /install?shop=deveioshop.myshopify.com [36m302 [0m9.651 ms - 732[0m
[0mGET /install?shop=deveioshop.myshopify.com [36m302 [0m1.673 ms - 732[0m
[0mGET /install?shop=deveioshop.myshopify.com [36m302 [0m8.993 ms - 732[0m
[0mGET /connect?code=50bfd8969835db88116332f791f9f0f9&hmac=9a39c0c469b477e77adb812194a037f668da4608b060cedcf3b3ec2316dc65a5&shop=deveioshop.myshopify.com&state=151193968229000&timestamp=1511939680 [0m- [0m- ms - -[0m
[0mGET /install?shop=deveioshop.myshopify.com [36m302 [0m8.318 ms - 732[0m
[0mGET /install?shop=deveioshop.myshopify.com [36m302 [0m8.164 ms - 732[0m
[0mGET /connect?code=f7d05d3bf4180a15cb08d74bc6fe473a&hmac=9dc8a1f69b9984373e75f3a3bec6e4028a4bd35cf44a90526be8b15cd07b74a8&shop=deveioshop.myshopify.com&state=151194013377600&timestamp=1511940132 [31m500 [0m11.388 ms - 1577[0m
[0mGET /install?shop=deveioshop.myshopify.com [36m302 [0m8.585 ms - 732[0m
[0mGET /install?shop=deveioshop.myshopify.com [36m302 [0m8.922 ms - 732[0m
[0mGET /install?shop=deveioshop.myshopify.com [36m302 [0m9.382 ms - 732[0m
[0mGET /install?shop=deveioshop.myshopify.com [36m302 [0m12.282 ms - 732[0m
[0mGET /install?shop=deveioshop.myshopify.com [36m302 [0m8.813 ms - 732[0m
[0mGET /install?shop=deveioshop.myshopify.com [36m302 [0m9.241 ms - 732[0m
[0mGET /install?shop=deveioshop.myshopify.com [36m302 [0m8.476 ms - 732[0m
[0mGET /connect?code=0ec4c703aa11937fcc5ca4f220ae3ae2&hmac=52bfd3c6a8ff7d1e83bb0e753a2456ac8d178ad37f080c7689e76829859aa49e&shop=deveioshop.myshopify.com&state=151194069604600&timestamp=1511940695 [36m302 [0m2881.455 ms - 130[0m
[0mPOST /webhooks/order-payment [33m404 [0m35.357 ms - 162[0m
[0mPOST /webhooks/order-payment [33m404 [0m1.647 ms - 162[0m
[0mPOST /webhooks/order-payment [33m404 [0m1.301 ms - 162[0m
[0mGET /install?hmac=2f2a08d34cd8fadf0b9b61c4555fa94616e94a013294f7e34024938441c6b2e1&locale=en&protocol=https%3A%2F%2F&shop=deveioshop.myshopify.com&timestamp=1511942362 [36m302 [0m10.619 ms - 732[0m
[0mGET /install?hmac=1228a5e7086a587be095d4c7dff423104e9e6478c5f0024a7802952787aa71a9&locale=en&protocol=https%3A%2F%2F&shop=deveioshop.myshopify.com&timestamp=1511942456 [36m302 [0m11.715 ms - 732[0m
[0mGET /connect?code=9138f256073f01d299828a4a39d060e8&hmac=d5b760db72d87d91c7e2d26ce701403e5e9559d9903fd325d1aa20a1e8938cd7&shop=deveioshop.myshopify.com&state=151194246117500&timestamp=1511942459 [36m302 [0m2899.940 ms - 130[0m
[0mGET /install?hmac=da2cefe4231160a0bdd09850ddaf1282735163eac813cb20057b297c8bcb09dc&locale=en&protocol=https%3A%2F%2F&shop=deveioshop.myshopify.com&timestamp=1511942521 [36m302 [0m31.570 ms - 732[0m
[0mGET /connect?code=cb91dfef4019c18c08f8f61af0c8d286&hmac=91f3f22457a576b19e3d7368ef21b4bff39d4865150695b208885c646e5d49ee&shop=deveioshop.myshopify.com&state=151194252656100&timestamp=1511942524 [36m302 [0m3174.331 ms - 130[0m
[0mGET /install?hmac=de55f4ebbba35e714ad576105701c4f64990caa2ce7c554b15966ee7c9b17767&locale=en&protocol=https%3A%2F%2F&shop=deveioshop.myshopify.com&timestamp=1511942696 [36m302 [0m15.757 ms - 732[0m
[0mGET /connect?code=ccb60e7d4156ce57f26d14ba2eacc064&hmac=127e2924057b55751c5c0bc7bb6b170c4759e5c2ac4b68dc0e57bb0a1caa40d1&shop=deveioshop.myshopify.com&state=151194270106700&timestamp=1511942699 [36m302 [0m8861.152 ms - 130[0m
[0mGET /am [32m200 [0m6.422 ms - 2[0m
[0mPOST / [33m404 [0m6.680 ms - 140[0m
[0mPOST /am [32m200 [0m1.368 ms - 10[0m
[0mPOST /am [32m200 [0m7.984 ms - 10[0m
[0mPOST /am [32m200 [0m15.857 ms - 10[0m
[0mPOST /am [32m200 [0m1.525 ms - 10[0m
[0mPOST /am [32m200 [0m11.532 ms - 10[0m
[0mPOST /am/create [33m404 [0m3.856 ms - 149[0m
[0mPOST /am [32m200 [0m1.644 ms - 10[0m
[0mPOST /am [32m200 [0m13.906 ms - 10[0m
[0mPOST /am [32m200 [0m6.489 ms - 20[0m
[0mGET /order [31m500 [0m22.719 ms - 3266[0m
[0mGET /order [31m500 [0m34.827 ms - 3266[0m
[0mGET /order [31m500 [0m34.888 ms - 3266[0m
[0mGET /order [31m500 [0m23.607 ms - 3266[0m
[0mGET /order [31m500 [0m22.067 ms - 3266[0m
[0mGET /order [31m500 [0m22.120 ms - 3266[0m
[0mPOST /webhooks/order-payment [33m404 [0m27.252 ms - 162[0m
[0mPOST /webhooks/order-payment [33m404 [0m17.273 ms - 162[0m
[0mGET /order [32m200 [0m8.702 ms - 2[0m
[0mGET /order [32m200 [0m7.784 ms - -[0m
[0mGET /order [32m200 [0m1.953 ms - -[0m
[0mGET /order [32m200 [0m1.576 ms - -[0m
[0mPOST /webhooks/order-payment [33m404 [0m26.258 ms - 162[0m
[0mGET /order [32m200 [0m6.846 ms - -[0m
[0mGET /order [32m200 [0m6.756 ms - -[0m
[0mGET /order [32m200 [0m15.219 ms - 221[0m
[0mPOST /webhooks/order-payment [33m404 [0m81.218 ms - 162[0m
[0mPOST /webhooks/order-payment [33m404 [0m23.400 ms - 162[0m
[0mGET /order [32m200 [0m26.802 ms - 378[0m
[0mGET /order [36m304 [0m23.117 ms - -[0m
[0mGET /order [32m200 [0m4707.476 ms - 116055[0m
[0mGET /order [32m200 [0m3601.411 ms - 102316[0m
[0mPOST /webhooks/order-payment [33m404 [0m25.447 ms - 162[0m
